Arguments: 
  /usr/local/bin/node /usr/local/bin/yarn init

PATH: 
  /opt/local/bin:/opt/local/sbin:/usr/local/php5/bin:/Library/Frameworks/Python.framework/Versions/3.4/bin:/opt/local/bin:/opt/local/sbin:/opt/local/bin:/opt/local/sbin:/usr/local/bin:/usr/bin:/bin:/usr/sbin:/sbin:/usr/texbin

Yarn version: 
  0.27.5

Node version: 
  5.4.1

Platform: 
  darwin x64

npm manifest: 
  

yarn manifest: 
  No manifest

Lockfile: 
  No lockfile

Trace: 
  SyntaxError: /Applications/MAMP/htdocs/Projects/foodfromfriends/package.json: Unexpected end of input
      at Object.parse (native)
      at /usr/local/Cellar/yarn/0.27.5/libexec/lib/yarn-cli.js:747:57
      at next (native)
      at step (/usr/local/Cellar/yarn/0.27.5/libexec/lib/yarn-cli.js:91:30)
      at /usr/local/Cellar/yarn/0.27.5/libexec/lib/yarn-cli.js:102:13
      at run (/usr/local/Cellar/yarn/0.27.5/libexec/lib/yarn-cli.js:87239:22)
      at /usr/local/Cellar/yarn/0.27.5/libexec/lib/yarn-cli.js:87252:28
      at flush (/usr/local/Cellar/yarn/0.27.5/libexec/lib/yarn-cli.js:86710:9)
      at nextTickCallbackWith0Args (node.js:452:9)
      at process._tickCallback (node.js:381:13)
